{"name": "test_fail_test[chromium]", "status": "failed", "statusDetails": {"message": "AssertionError: Page title expected to be 're.compile('123')'\nActual value: Learn and Practice Automation | automateNow \nCall log:\nPageAssertions.to_have_title with timeout 5000ms\n  - waiting for locator(\":root\")\n  -   locator resolved to <html lang=\"en-US\" class=\"no-js-disabled\">…</html>\n  -   unexpected value \"Learn and Practice Automation | automateNow\"\n  -   locator resolved to <html lang=\"en-US\" class=\"no-js-disabled\">…</html>\n  -   unexpected value \"Learn and Practice Automation | automateNow\"\n  -   locator resolved to <html lang=\"en-US\" class=\"no-js-disabled\">…</html>\n  -   unexpected value \"Learn and Practice Automation | automateNow\"\n  -   locator resolved to <html lang=\"en-US\" class=\"no-js-disabled\">…</html>\n  -   unexpected value \"Learn and Practice Automation | automateNow\"\n  -   locator resolved to <html lang=\"en-US\" class=\"no-js-disabled\">…</html>\n  -   unexpected value \"Learn and Practice Automation | automateNow\"\n  -   locator resolved to <html lang=\"en-US\" class=\"no-js-disabled\">…</html>\n  -   unexpected value \"Learn and Practice Automation | automateNow\"\n  -   locator resolved to <html lang=\"en-US\" class=\"no-js-disabled\">…</html>\n  -   unexpected value \"Learn and Practice Automation | automateNow\"\n  -   locator resolved to <html lang=\"en-US\" class=\"no-js-disabled\">…</html>\n  -   unexpected value \"Learn and Practice Automation | automateNow\"\n  -   locator resolved to <html lang=\"en-US\" class=\"no-js-disabled\">…</html>\n  -   unexpected value \"Learn and Practice Automation | automateNow\"", "trace": "page = <Page url='https://practice-automation.com/'>\n\n    def test_fail_test(page: Page):\n        page.goto(\"/\")\n    \n        # Expect a title wrong title\n>       expect(page).to_have_title(re.compile(\"123\"))\nE       AssertionError: Page title expected to be 're.compile('123')'\nE       Actual value: Learn and Practice Automation | automateNow \nE       Call log:\nE       PageAssertions.to_have_title with timeout 5000ms\nE         - waiting for locator(\":root\")\nE         -   locator resolved to <html lang=\"en-US\" class=\"no-js-disabled\">…</html>\nE         -   unexpected value \"Learn and Practice Automation | automateNow\"\nE         -   locator resolved to <html lang=\"en-US\" class=\"no-js-disabled\">…</html>\nE         -   unexpected value \"Learn and Practice Automation | automateNow\"\nE         -   locator resolved to <html lang=\"en-US\" class=\"no-js-disabled\">…</html>\nE         -   unexpected value \"Learn and Practice Automation | automateNow\"\nE         -   locator resolved to <html lang=\"en-US\" class=\"no-js-disabled\">…</html>\nE         -   unexpected value \"Learn and Practice Automation | automateNow\"\nE         -   locator resolved to <html lang=\"en-US\" class=\"no-js-disabled\">…</html>\nE         -   unexpected value \"Learn and Practice Automation | automateNow\"\nE         -   locator resolved to <html lang=\"en-US\" class=\"no-js-disabled\">…</html>\nE         -   unexpected value \"Learn and Practice Automation | automateNow\"\nE         -   locator resolved to <html lang=\"en-US\" class=\"no-js-disabled\">…</html>\nE         -   unexpected value \"Learn and Practice Automation | automateNow\"\nE         -   locator resolved to <html lang=\"en-US\" class=\"no-js-disabled\">…</html>\nE         -   unexpected value \"Learn and Practice Automation | automateNow\"\nE         -   locator resolved to <html lang=\"en-US\" class=\"no-js-disabled\">…</html>\nE         -   unexpected value \"Learn and Practice Automation | automateNow\"\n\ntests\\test_html_reports.py:16: AssertionError"}, "parameters": [{"name": "browser_name", "value": "'chromium'"}], "start": 1732150471081, "stop": 1732150476645, "uuid": "d51d6144-792b-403c-b88a-bf16c354df08", "historyId": "964e8f031d6722982bb67ddddc9e63a0", "testCaseId": "1888c96757acb2e0b3fa604c2b180e08", "fullName": "tests.test_html_reports#test_fail_test", "labels": [{"name": "parentSuite", "value": "tests"}, {"name": "suite", "value": "test_html_reports"}, {"name": "host", "value": "automateNow_PC"}, {"name": "thread", "value": "467696-MainThread"}, {"name": "framework", "value": "pytest"}, {"name": "language", "value": "cpython3"}, {"name": "package", "value": "tests.test_html_reports"}]}